<?xml version="1.0" encoding="UTF-8"?>
<!-- Generated by org.testng.reporters.JUnitReportReporter -->
<testsuite hostname="DESKTOP-O1U6M3B" failures="0" tests="1" name="parametarization.ParameterizationEx" time="8.734" errors="0" timestamp="2025-04-09T17:26:39 IST" skipped="0">
  <testcase classname="parametarization.ParameterizationEx" name="verifyEdso" time="8.734"/>
</testsuite> <!-- parametarization.ParameterizationEx -->
